<?xml version="1.0" encoding="UTF-8"?>
<!-- Generated by org.testng.reporters.JUnitReportReporter -->
<testsuite hostname="DESKTOP-8104O1D" failures="0" tests="2" name="com.selenium.test.test1" time="60.392" errors="0" timestamp="2022-06-16T14:13:06 ART" skipped="0">
  <testcase classname="com.selenium.test.test1" name="buscarAlojamiento" time="29.829"/>
  <system-out/>
  <testcase classname="com.selenium.test.test1" name="buscarAlojamiento" time="30.563"/>
  <system-out/>
</testsuite> <!-- com.selenium.test.test1 -->
