<?xml version="1.0" encoding="UTF-8"?>
<!-- Generated by org.testng.reporters.JUnitReportReporter -->
<testsuite hostname="DESKTOP-8104O1D" failures="0" tests="3" name="utils.test1" time="89.147" errors="0" timestamp="2022-06-14T21:54:32 ART" skipped="0">
  <testcase classname="utils.test1" name="buscarAlojamiento" time="28.615"/>
  <system-out/>
  <testcase classname="utils.test1" name="buscarAlojamiento" time="33.137"/>
  <system-out/>
  <testcase classname="utils.test1" name="buscarAlojamiento" time="27.395"/>
  <system-out/>
</testsuite> <!-- utils.test1 -->
